2024-01-17 08:00:01 INFO  [BotRunner] Starting RPA process: InvoiceProcessor v2.3
2024-01-17 08:00:04 INFO  [SAP] Initiating SAP login authentication for user BOT_SVC_01
2024-01-17 08:00:07 PASSED [SAP] SAP Login Authentication completed successfully (credentials rotated)
2024-01-17 08:00:10 INFO  [Database] Connecting to Oracle DB on db-prod-01:1521
2024-01-17 08:00:12 PASSED [Database] Database Connection established — pool size restored to 10
2024-01-17 08:00:15 INFO  [SAP] Found 38 pending invoices to process
2024-01-17 08:01:00 INFO  [Invoice] Processing invoice INV-2024-0200
2024-01-17 08:01:02 PASSED [Invoice] Invoice Data Extraction completed
2024-01-17 08:01:04 PASSED [DataValidation] Data Validation Check passed — totals match
2024-01-17 08:01:06 INFO  [API] Calling payment gateway POST /v2/pay for INV-2024-0200
2024-01-17 08:01:08 PASSED [API] API Payment Gateway Call success — HTTP 200 received
2024-01-17 08:01:10 ERROR [SAP] SAP gateway timeout: no response from sap-prod-01:3200 within 30000ms
2024-01-17 08:01:10 ERROR [SAP] Timeout Recovery failed — SAP connection timeout still occurring (3rd consecutive day)
2024-01-17 08:01:14 ERROR [UI] UI Element Navigation failed: XPath //button[@id='approveBtn'] element not found
2024-01-17 08:01:14 ERROR [UI] object not found — invoice approval screen UI layout changed after v4.1 upgrade
2024-01-17 08:01:20 INFO  [FileExport] Exporting processed invoices to SharePoint
2024-01-17 08:01:23 PASSED [FileSystem] File Export to SharePoint completed — permission issue resolved
2024-01-17 08:01:25 INFO  [DuplicateCheck] Running duplicate invoice detection on 38 records
2024-01-17 08:01:26 PASSED [DuplicateCheck] Duplicate Invoice Detection completed — 0 duplicates found
2024-01-17 08:01:28 PASSED [Email] Email Notification Send completed successfully
2024-01-17 08:01:30 WARNING [BotRunner] Process completed with 2 errors remaining
2024-01-17 08:01:30 INFO  [BotRunner] Run summary: 38 invoices attempted, 36 processed, 2 failed
2024-01-17 08:01:31 INFO  [BotRunner] InvoiceProcessor run ended
